TN:
SF:/Users/dzonda/Dev/42/Red_tetris/src/client/actions/app.js
FN:3,(anonymous_0)
FN:11,(anonymous_1)
FN:18,(anonymous_2)
FN:26,(anonymous_3)
FNF:4
FNH:2
FNDA:0,(anonymous_0)
FNDA:0,(anonymous_1)
FNDA:1,(anonymous_2)
FNDA:1,(anonymous_3)
DA:3,4
DA:11,4
DA:18,4
DA:26,4
LF:4
LH:4
BRF:0
BRH:0
end_of_record
TN:
SF:/Users/dzonda/Dev/42/Red_tetris/src/client/actions/game.js
FN:3,(anonymous_0)
FN:3,(anonymous_1)
FN:21,(anonymous_2)
FN:28,(anonymous_3)
FN:35,(anonymous_4)
FNF:5
FNH:4
FNDA:1,(anonymous_0)
FNDA:0,(anonymous_1)
FNDA:1,(anonymous_2)
FNDA:1,(anonymous_3)
FNDA:1,(anonymous_4)
DA:3,4
DA:4,0
DA:6,0
DA:13,0
DA:21,4
DA:28,4
DA:35,4
LF:7
LH:4
BRF:0
BRH:0
end_of_record
TN:
SF:/Users/dzonda/Dev/42/Red_tetris/src/client/actions/index.js
FNF:0
FNH:0
LF:0
LH:0
BRF:0
BRH:0
end_of_record
TN:
SF:/Users/dzonda/Dev/42/Red_tetris/src/client/actions/player.js
FN:3,(anonymous_0)
FN:3,(anonymous_1)
FN:14,(anonymous_2)
FNF:3
FNH:1
FNDA:0,(anonymous_0)
FNDA:0,(anonymous_1)
FNDA:1,(anonymous_2)
DA:3,4
DA:4,0
DA:6,0
DA:14,4
LF:4
LH:2
BRF:0
BRH:0
end_of_record
TN:
SF:/Users/dzonda/Dev/42/Red_tetris/src/client/middleware/socketIoMiddleware.js
FNF:0
FNH:0
DA:5,3
DA:6,3
DA:7,3
DA:9,3
DA:10,3
DA:11,3
LF:6
LH:6
BRF:0
BRH:0
end_of_record
TN:
SF:/Users/dzonda/Dev/42/Red_tetris/src/client/middleware/socketIo/index.js
FNF:0
FNH:0
DA:5,3
DA:6,3
DA:7,3
LF:3
LH:3
BRF:0
BRH:0
end_of_record
TN:
SF:/Users/dzonda/Dev/42/Red_tetris/src/client/middleware/socketIo/client/index.js
FNF:0
FNH:0
LF:0
LH:0
BRF:0
BRH:0
end_of_record
TN:
SF:/Users/dzonda/Dev/42/Red_tetris/src/client/middleware/socketIo/client/app/index.js
FNF:0
FNH:0
LF:0
LH:0
BRF:0
BRH:0
end_of_record
TN:
SF:/Users/dzonda/Dev/42/Red_tetris/src/client/middleware/socketIo/client/app/reqInfos.js
FN:3,(anonymous_0)
FNF:1
FNH:0
FNDA:0,(anonymous_0)
DA:3,3
DA:4,0
LF:2
LH:1
BRF:0
BRH:0
end_of_record
TN:
SF:/Users/dzonda/Dev/42/Red_tetris/src/client/middleware/socketIo/client/app/reqLogin.js
FN:3,(anonymous_0)
FNF:1
FNH:1
FNDA:1,(anonymous_0)
DA:3,3
DA:4,1
DA:6,1
DA:17,1
LF:4
LH:4
BRF:0
BRH:0
end_of_record
TN:
SF:/Users/dzonda/Dev/42/Red_tetris/src/client/middleware/socketIo/client/app/reqLogout.js
FN:3,(anonymous_0)
FNF:1
FNH:1
FNDA:1,(anonymous_0)
DA:3,3
DA:4,1
DA:5,1
DA:6,1
DA:8,1
LF:5
LH:5
BRF:0
BRH:0
end_of_record
TN:
SF:/Users/dzonda/Dev/42/Red_tetris/src/client/middleware/socketIo/client/game/index.js
FNF:0
FNH:0
LF:0
LH:0
BRF:0
BRH:0
end_of_record
TN:
SF:/Users/dzonda/Dev/42/Red_tetris/src/client/middleware/socketIo/client/game/reqStartGame.js
FN:3,(anonymous_0)
FNF:1
FNH:1
FNDA:1,(anonymous_0)
DA:3,3
DA:5,1
DA:6,1
DA:8,1
DA:13,1
LF:5
LH:5
BRF:0
BRH:0
end_of_record
TN:
SF:/Users/dzonda/Dev/42/Red_tetris/src/client/middleware/socketIo/client/game/reqUpdateGameChat.js
FN:3,(anonymous_0)
FNF:1
FNH:1
FNDA:1,(anonymous_0)
DA:3,3
DA:4,1
DA:5,1
DA:7,1
DA:9,1
DA:15,1
LF:6
LH:6
BRF:0
BRH:0
end_of_record
TN:
SF:/Users/dzonda/Dev/42/Red_tetris/src/client/middleware/socketIo/client/game/reqUpdateGameOwner.js
FN:3,(anonymous_0)
FNF:1
FNH:1
FNDA:1,(anonymous_0)
DA:3,3
DA:4,1
DA:5,1
DA:7,1
DA:13,1
LF:5
LH:5
BRF:0
BRH:0
end_of_record
TN:
SF:/Users/dzonda/Dev/42/Red_tetris/src/client/middleware/socketIo/client/player/index.js
FNF:0
FNH:0
LF:0
LH:0
BRF:0
BRH:0
end_of_record
TN:
SF:/Users/dzonda/Dev/42/Red_tetris/src/client/middleware/socketIo/client/player/reqUpdatePlayer.js
FN:3,(anonymous_0)
FNF:1
FNH:1
FNDA:1,(anonymous_0)
DA:3,3
DA:4,1
DA:5,1
DA:6,1
DA:8,1
LF:5
LH:5
BRF:0
BRH:0
end_of_record
TN:
SF:/Users/dzonda/Dev/42/Red_tetris/src/client/middleware/socketIo/server/index.js
FNF:0
FNH:0
LF:0
LH:0
BRF:0
BRH:0
end_of_record
TN:
SF:/Users/dzonda/Dev/42/Red_tetris/src/client/middleware/socketIo/server/app/index.js
FNF:0
FNH:0
LF:0
LH:0
BRF:0
BRH:0
end_of_record
TN:
SF:/Users/dzonda/Dev/42/Red_tetris/src/client/middleware/socketIo/server/app/resInfos.js
FN:4,(anonymous_0)
FNF:1
FNH:1
FNDA:1,(anonymous_0)
DA:4,3
DA:5,1
DA:6,1
DA:8,0
DA:9,0
LF:5
LH:3
BRDA:8,0,0,0
BRDA:8,0,1,0
BRF:2
BRH:0
end_of_record
TN:
SF:/Users/dzonda/Dev/42/Red_tetris/src/client/middleware/socketIo/server/app/resLogin.js
FN:6,(anonymous_0)
FNF:1
FNH:1
FNDA:2,(anonymous_0)
DA:6,3
DA:7,2
DA:9,2
DA:10,1
DA:23,1
DA:25,1
DA:38,1
LF:7
LH:7
BRDA:9,0,0,1
BRDA:9,0,1,1
BRF:2
BRH:2
end_of_record
TN:
SF:/Users/dzonda/Dev/42/Red_tetris/src/client/middleware/socketIo/server/app/resLogout.js
FN:5,(anonymous_0)
FNF:1
FNH:1
FNDA:2,(anonymous_0)
DA:5,3
DA:6,2
DA:7,2
DA:11,2
DA:12,1
DA:14,1
DA:27,1
DA:29,1
LF:8
LH:8
BRDA:11,0,0,1
BRDA:11,0,1,1
BRF:2
BRH:2
end_of_record
TN:
SF:/Users/dzonda/Dev/42/Red_tetris/src/client/middleware/socketIo/server/game/index.js
FNF:0
FNH:0
LF:0
LH:0
BRF:0
BRH:0
end_of_record
TN:
SF:/Users/dzonda/Dev/42/Red_tetris/src/client/middleware/socketIo/server/game/resStartGame.js
FN:7,(anonymous_0)
FNF:1
FNH:0
FNDA:0,(anonymous_0)
DA:7,3
DA:8,0
DA:9,0
DA:12,0
DA:14,0
LF:5
LH:1
BRF:0
BRH:0
end_of_record
TN:
SF:/Users/dzonda/Dev/42/Red_tetris/src/client/middleware/socketIo/server/game/resUpdateGame.js
FN:6,(anonymous_0)
FNF:1
FNH:1
FNDA:1,(anonymous_0)
DA:6,3
DA:7,1
DA:9,1
DA:10,1
LF:4
LH:4
BRDA:9,0,0,1
BRDA:9,0,1,0
BRF:2
BRH:1
end_of_record
TN:
SF:/Users/dzonda/Dev/42/Red_tetris/src/client/middleware/socketIo/server/game/resUpdateGameChat.js
FN:5,(anonymous_0)
FNF:1
FNH:1
FNDA:1,(anonymous_0)
DA:5,3
DA:6,1
DA:8,1
DA:9,1
LF:4
LH:4
BRDA:8,0,0,1
BRDA:8,0,1,0
BRF:2
BRH:1
end_of_record
TN:
SF:/Users/dzonda/Dev/42/Red_tetris/src/client/middleware/socketIo/server/game/resUpdateGameSettings.js
FN:4,(anonymous_0)
FNF:1
FNH:0
FNDA:0,(anonymous_0)
DA:4,3
DA:5,0
DA:7,0
LF:3
LH:1
BRF:0
BRH:0
end_of_record
TN:
SF:/Users/dzonda/Dev/42/Red_tetris/src/client/middleware/socketIo/server/player/index.js
FNF:0
FNH:0
LF:0
LH:0
BRF:0
BRH:0
end_of_record
TN:
SF:/Users/dzonda/Dev/42/Red_tetris/src/client/middleware/socketIo/server/player/resUpdatePlayer.js
FN:4,(anonymous_0)
FNF:1
FNH:1
FNDA:1,(anonymous_0)
DA:4,3
DA:5,1
DA:7,1
DA:8,1
LF:4
LH:4
BRDA:7,0,0,1
BRDA:7,0,1,0
BRF:2
BRH:1
end_of_record
TN:
SF:/Users/dzonda/Dev/42/Red_tetris/src/client/middleware/socketIo/state/connect.js
FN:7,(anonymous_0)
FN:7,(anonymous_1)
FNF:2
FNH:0
FNDA:0,(anonymous_0)
FNDA:0,(anonymous_1)
DA:4,3
DA:7,3
DA:8,0
DA:10,0
DA:22,0
DA:23,0
DA:24,0
DA:26,0
DA:27,0
DA:36,0
LF:10
LH:2
BRDA:22,0,0,0
BRDA:22,0,1,0
BRDA:26,1,0,0
BRDA:26,1,1,0
BRDA:26,2,0,0
BRDA:26,2,1,0
BRF:6
BRH:0
end_of_record
TN:
SF:/Users/dzonda/Dev/42/Red_tetris/src/client/middleware/socketIo/state/connectError.js
FN:7,(anonymous_0)
FN:7,(anonymous_1)
FNF:2
FNH:0
FNDA:0,(anonymous_0)
FNDA:0,(anonymous_1)
DA:4,3
DA:7,3
DA:8,0
DA:10,0
LF:4
LH:2
BRF:0
BRH:0
end_of_record
TN:
SF:/Users/dzonda/Dev/42/Red_tetris/src/client/middleware/socketIo/state/connectTimeout.js
FN:7,(anonymous_0)
FN:7,(anonymous_1)
FNF:2
FNH:0
FNDA:0,(anonymous_0)
FNDA:0,(anonymous_1)
DA:4,3
DA:7,3
DA:8,0
DA:10,0
LF:4
LH:2
BRF:0
BRH:0
end_of_record
TN:
SF:/Users/dzonda/Dev/42/Red_tetris/src/client/middleware/socketIo/state/disconnect.js
FN:8,(anonymous_0)
FN:8,(anonymous_1)
FNF:2
FNH:0
FNDA:0,(anonymous_0)
FNDA:0,(anonymous_1)
DA:5,3
DA:8,3
DA:9,0
DA:11,0
LF:4
LH:2
BRF:0
BRH:0
end_of_record
TN:
SF:/Users/dzonda/Dev/42/Red_tetris/src/client/middleware/socketIo/state/index.js
FNF:0
FNH:0
LF:0
LH:0
BRF:0
BRH:0
end_of_record
TN:
SF:/Users/dzonda/Dev/42/Red_tetris/src/client/middleware/socketIo/state/reconnect.js
FN:8,(anonymous_0)
FN:8,(anonymous_1)
FNF:2
FNH:0
FNDA:0,(anonymous_0)
FNDA:0,(anonymous_1)
DA:5,3
DA:8,3
DA:9,0
LF:3
LH:2
BRF:0
BRH:0
end_of_record
TN:
SF:/Users/dzonda/Dev/42/Red_tetris/src/client/middleware/socketIo/state/reconnectAttempt.js
FN:8,(anonymous_0)
FN:8,(anonymous_1)
FNF:2
FNH:0
FNDA:0,(anonymous_0)
FNDA:0,(anonymous_1)
DA:5,3
DA:8,3
DA:9,0
LF:3
LH:2
BRF:0
BRH:0
end_of_record
TN:
SF:/Users/dzonda/Dev/42/Red_tetris/src/client/middleware/socketIo/state/reconnectError.js
FN:8,(anonymous_0)
FN:8,(anonymous_1)
FNF:2
FNH:0
FNDA:0,(anonymous_0)
FNDA:0,(anonymous_1)
DA:5,3
DA:8,3
DA:9,0
DA:11,0
LF:4
LH:2
BRF:0
BRH:0
end_of_record
TN:
SF:/Users/dzonda/Dev/42/Red_tetris/src/client/middleware/socketIo/state/reconnectFailed.js
FN:8,(anonymous_0)
FN:8,(anonymous_1)
FNF:2
FNH:0
FNDA:0,(anonymous_0)
FNDA:0,(anonymous_1)
DA:5,3
DA:8,3
DA:9,0
DA:11,0
LF:4
LH:2
BRF:0
BRH:0
end_of_record
TN:
SF:/Users/dzonda/Dev/42/Red_tetris/src/client/middleware/socketIo/state/reconnecting.js
FN:8,(anonymous_0)
FN:8,(anonymous_1)
FNF:2
FNH:0
FNDA:0,(anonymous_0)
FNDA:0,(anonymous_1)
DA:5,3
DA:8,3
DA:9,0
LF:3
LH:2
BRF:0
BRH:0
end_of_record
TN:
SF:/Users/dzonda/Dev/42/Red_tetris/src/client/reducers/app.js
FN:18,(anonymous_0)
FNF:1
FNH:1
FNDA:14,(anonymous_0)
DA:3,4
DA:18,4
DA:19,14
DA:21,1
DA:23,1
DA:35,2
DA:37,2
DA:47,1
DA:48,1
DA:58,10
LF:10
LH:10
BRDA:18,0,0,10
BRDA:19,1,0,1
BRDA:19,1,1,2
BRDA:19,1,2,1
BRDA:19,1,3,10
BRF:5
BRH:5
end_of_record
TN:
SF:/Users/dzonda/Dev/42/Red_tetris/src/client/reducers/game.js
FN:24,(anonymous_0)
FNF:1
FNH:1
FNDA:16,(anonymous_0)
DA:3,4
DA:10,4
DA:24,4
DA:25,16
DA:29,2
DA:31,2
DA:39,1
DA:41,1
DA:48,1
DA:50,1
DA:58,1
DA:60,1
DA:68,1
DA:70,1
DA:76,10
LF:15
LH:15
BRDA:24,0,0,10
BRDA:25,1,0,2
BRDA:25,1,1,1
BRDA:25,1,2,1
BRDA:25,1,3,1
BRDA:25,1,4,1
BRDA:25,1,5,10
BRF:7
BRH:7
end_of_record
TN:
SF:/Users/dzonda/Dev/42/Red_tetris/src/client/reducers/index.js
FN:8,(anonymous_0)
FNF:1
FNH:1
FNDA:3,(anonymous_0)
DA:8,3
LF:1
LH:1
BRF:0
BRH:0
end_of_record
TN:
SF:/Users/dzonda/Dev/42/Red_tetris/src/client/reducers/player.js
FN:18,(anonymous_0)
FNF:1
FNH:1
FNDA:13,(anonymous_0)
DA:3,4
DA:18,4
DA:19,13
DA:23,2
DA:25,2
DA:34,1
DA:36,1
DA:42,10
LF:8
LH:8
BRDA:18,0,0,10
BRDA:19,1,0,2
BRDA:19,1,1,1
BRDA:19,1,2,10
BRF:4
BRH:4
end_of_record
TN:
SF:/Users/dzonda/Dev/42/Red_tetris/src/client/store/index.js
FNF:0
FNH:0
DA:11,3
DA:13,3
DA:15,3
LF:3
LH:3
BRF:0
BRH:0
end_of_record
TN:
SF:/Users/dzonda/Dev/42/Red_tetris/src/shared/events.js
FNF:0
FNH:0
DA:1,6
LF:1
LH:1
BRF:0
BRH:0
end_of_record
TN:
SF:/Users/dzonda/Dev/42/Red_tetris/src/shared/params.js
FN:8,(anonymous_0)
FNF:1
FNH:0
FNDA:0,(anonymous_0)
DA:1,3
DA:8,0
LF:2
LH:1
BRF:0
BRH:0
end_of_record
TN:
SF:/Users/dzonda/Dev/42/Red_tetris/src/shared/stage.js
FN:7,(anonymous_0)
FN:7,(anonymous_1)
FN:8,(anonymous_2)
FN:8,(anonymous_3)
FN:12,(anonymous_4)
FN:17,(anonymous_5)
FN:18,(anonymous_6)
FN:50,(anonymous_7)
FN:73,(anonymous_8)
FN:76,(anonymous_9)
FN:77,(anonymous_10)
FN:89,(anonymous_11)
FN:89,(anonymous_12)
FN:89,(anonymous_13)
FNF:14
FNH:0
FNDA:0,(anonymous_0)
FNDA:0,(anonymous_1)
FNDA:0,(anonymous_2)
FNDA:0,(anonymous_3)
FNDA:0,(anonymous_4)
FNDA:0,(anonymous_5)
FNDA:0,(anonymous_6)
FNDA:0,(anonymous_7)
FNDA:0,(anonymous_8)
FNDA:0,(anonymous_9)
FNDA:0,(anonymous_10)
FNDA:0,(anonymous_11)
FNDA:0,(anonymous_12)
FNDA:0,(anonymous_13)
DA:1,4
DA:2,4
DA:4,4
DA:5,4
DA:7,4
DA:8,4
DA:12,4
DA:14,0
DA:15,0
DA:17,0
DA:18,0
DA:19,0
DA:20,0
DA:23,0
DA:25,0
DA:27,0
DA:29,0
DA:33,0
DA:50,4
DA:51,0
DA:52,0
DA:54,0
DA:55,0
DA:65,0
DA:70,0
DA:73,4
DA:74,0
DA:76,0
DA:77,0
DA:78,0
DA:79,0
DA:86,0
DA:89,4
LF:33
LH:10
BRDA:19,0,0,0
BRDA:19,0,1,0
BRDA:54,1,0,0
BRDA:54,1,1,0
BRDA:55,2,0,0
BRDA:55,2,1,0
BRDA:58,3,0,0
BRDA:58,3,1,0
BRDA:58,3,2,0
BRDA:78,4,0,0
BRDA:78,4,1,0
BRDA:81,5,0,0
BRDA:81,5,1,0
BRDA:89,6,0,0
BRDA:89,6,1,0
BRF:15
BRH:0
end_of_record
TN:
SF:/Users/dzonda/Dev/42/Red_tetris/test/client/helpers/socketHelper.js
FNF:0
FNH:0
DA:1,3
DA:3,3
DA:4,3
DA:5,3
DA:6,3
DA:8,3
DA:9,3
LF:7
LH:7
BRF:0
BRH:0
end_of_record
